# JRE version: OpenJDK Runtime Environment (11.0.13) (build 11.0.13+0-b1751.21-8125866)
# Java VM: OpenJDK 64-Bit Server VM (11.0.13+0-b1751.21-8125866, mixed mode, tiered, compressed oops, g1 gc, windows-amd64)
Heap:
 garbage-first heap   total 443392K, used 216976K [0x0000000080000000, 0x0000000100000000)
  region size 1024K, 30 young (30720K), 8 survivors (8192K)
 Metaspace       used 139141K, capacity 143208K, committed 143312K, reserved 1173504K
  class space    used 17244K, capacity 18850K, committed 18944K, reserved 1048576K
GC Heap History (20 events):
Event: 69.429 GC heap before
{Heap before GC invocations=90 (full 0):
 garbage-first heap   total 443392K, used 381045K [0x0000000080000000, 0x0000000100000000)
  region size 1024K, 214 young (219136K), 16 survivors (16384K)
 Metaspace       used 118136K, capacity 121646K, committed 121808K, reserved 1155072K
  class space    used 14832K, capacity 16270K, committed 16384K, reserved 1048576K
}
Event: 69.447 GC heap after
{Heap after GC invocations=91 (full 0):
 garbage-first heap   total 443392K, used 178227K [0x0000000080000000, 0x0000000100000000)
  region size 1024K, 14 young (14336K), 14 survivors (14336K)
 Metaspace       used 118136K, capacity 121646K, committed 121808K, reserved 1155072K
  class space    used 14832K, capacity 16270K, committed 16384K, reserved 1048576K
}
Event: 71.125 GC heap before
{Heap before GC invocations=91 (full 0):
 garbage-first heap   total 443392K, used 384051K [0x0000000080000000, 0x0000000100000000)
  region size 1024K, 214 young (219136K), 14 survivors (14336K)
 Metaspace       used 118227K, capacity 121737K, committed 122064K, reserved 1155072K
  class space    used 14832K, capacity 16270K, committed 16384K, reserved 1048576K
}
Event: 71.148 GC heap after
{Heap after GC invocations=92 (full 0):
 garbage-first heap   total 443392K, used 179547K [0x0000000080000000, 0x0000000100000000)
  region size 1024K, 15 young (15360K), 15 survivors (15360K)
 Metaspace       used 118227K, capacity 121737K, committed 122064K, reserved 1155072K
  class space    used 14832K, capacity 16270K, committed 16384K, reserved 1048576K
}
Event: 72.874 GC heap before
{Heap before GC invocations=92 (full 0):
 garbage-first heap   total 443392K, used 382299K [0x0000000080000000, 0x0000000100000000)
  region size 1024K, 213 young (218112K), 15 survivors (15360K)
 Metaspace       used 118259K, capacity 121751K, committed 122064K, reserved 1155072K
  class space    used 14834K, capacity 16274K, committed 16384K, reserved 1048576K
}
Event: 72.894 GC heap after
{Heap after GC invocations=93 (full 0):
 garbage-first heap   total 443392K, used 181971K [0x0000000080000000, 0x0000000100000000)
  region size 1024K, 18 young (18432K), 18 survivors (18432K)
 Metaspace       used 118259K, capacity 121751K, committed 122064K, reserved 1155072K
  class space    used 14834K, capacity 16274K, committed 16384K, reserved 1048576K
}
Event: 73.948 GC heap before
{Heap before GC invocations=93 (full 0):
 garbage-first heap   total 443392K, used 378579K [0x0000000080000000, 0x0000000100000000)
  region size 1024K, 210 young (215040K), 18 survivors (18432K)
 Metaspace       used 118305K, capacity 121823K, committed 122064K, reserved 1155072K
  class space    used 14834K, capacity 16274K, committed 16384K, reserved 1048576K
}
Event: 73.982 GC heap after
{Heap after GC invocations=94 (full 0):
 garbage-first heap   total 443392K, used 188834K [0x0000000080000000, 0x0000000100000000)
  region size 1024K, 21 young (21504K), 21 survivors (21504K)
 Metaspace       used 118305K, capacity 121823K, committed 122064K, reserved 1155072K
  class space    used 14834K, capacity 16274K, committed 16384K, reserved 1048576K
}
Event: 74.816 GC heap before
{Heap before GC invocations=94 (full 0):
 garbage-first heap   total 443392K, used 375202K [0x0000000080000000, 0x0000000100000000)
  region size 1024K, 204 young (208896K), 21 survivors (21504K)
 Metaspace       used 118327K, capacity 121828K, committed 122064K, reserved 1155072K
  class space    used 14834K, capacity 16274K, committed 16384K, reserved 1048576K
}
Event: 74.847 GC heap after
{Heap after GC invocations=95 (full 0):
 garbage-first heap   total 443392K, used 193631K [0x0000000080000000, 0x0000000100000000)
  region size 1024K, 18 young (18432K), 18 survivors (18432K)
 Metaspace       used 118327K, capacity 121828K, committed 122064K, reserved 1155072K
  class space    used 14834K, capacity 16274K, committed 16384K, reserved 1048576K
}
Event: 76.011 GC heap before
{Heap before GC invocations=95 (full 0):
 garbage-first heap   total 443392K, used 376927K [0x0000000080000000, 0x0000000100000000)
  region size 1024K, 198 young (202752K), 18 survivors (18432K)
 Metaspace       used 118353K, capacity 121835K, committed 122064K, reserved 1155072K
  class space    used 14834K, capacity 16274K, committed 16384K, reserved 1048576K
}
Event: 76.023 GC heap after
{Heap after GC invocations=96 (full 0):
 garbage-first heap   total 443392K, used 186722K [0x0000000080000000, 0x0000000100000000)
  region size 1024K, 7 young (7168K), 7 survivors (7168K)
 Metaspace       used 118353K, capacity 121835K, committed 122064K, reserved 1155072K
  class space    used 14834K, capacity 16274K, committed 16384K, reserved 1048576K
}
Event: 80.786 GC heap before
{Heap before GC invocations=96 (full 0):
 garbage-first heap   total 443392K, used 390498K [0x0000000080000000, 0x0000000100000000)
  region size 1024K, 196 young (200704K), 7 survivors (7168K)
 Metaspace       used 121328K, capacity 125023K, committed 125264K, reserved 1157120K
  class space    used 15176K, capacity 16674K, committed 16768K, reserved 1048576K
}
Event: 80.801 GC heap after
{Heap after GC invocations=97 (full 0):
 garbage-first heap   total 443392K, used 183255K [0x0000000080000000, 0x0000000100000000)
  region size 1024K, 5 young (5120K), 5 survivors (5120K)
 Metaspace       used 121328K, capacity 125023K, committed 125264K, reserved 1157120K
  class space    used 15176K, capacity 16674K, committed 16768K, reserved 1048576K
}
Event: 95.572 GC heap before
{Heap before GC invocations=97 (full 0):
 garbage-first heap   total 443392K, used 379863K [0x0000000080000000, 0x0000000100000000)
  region size 1024K, 198 young (202752K), 5 survivors (5120K)
 Metaspace       used 127800K, capacity 131526K, committed 131664K, reserved 1163264K
  class space    used 15893K, capacity 17411K, committed 17536K, reserved 1048576K
}
Event: 95.584 GC heap after
{Heap after GC invocations=98 (full 0):
 garbage-first heap   total 443392K, used 188896K [0x0000000080000000, 0x0000000100000000)
  region size 1024K, 11 young (11264K), 11 survivors (11264K)
 Metaspace       used 127800K, capacity 131526K, committed 131664K, reserved 1163264K
  class space    used 15893K, capacity 17411K, committed 17536K, reserved 1048576K
}
Event: 100.257 GC heap before
{Heap before GC invocations=98 (full 0):
 garbage-first heap   total 443392K, used 382432K [0x0000000080000000, 0x0000000100000000)
  region size 1024K, 197 young (201728K), 11 survivors (11264K)
 Metaspace       used 136943K, capacity 140879K, committed 141136K, reserved 1171456K
  class space    used 17004K, capacity 18553K, committed 18560K, reserved 1048576K
}
Event: 100.280 GC heap after
{Heap after GC invocations=99 (full 0):
 garbage-first heap   total 443392K, used 203531K [0x0000000080000000, 0x0000000100000000)
  region size 1024K, 21 young (21504K), 21 survivors (21504K)
 Metaspace       used 136943K, capacity 140879K, committed 141136K, reserved 1171456K
  class space    used 17004K, capacity 18553K, committed 18560K, reserved 1048576K
}
Event: 107.822 GC heap before
{Heap before GC invocations=99 (full 0):
 garbage-first heap   total 443392K, used 401163K [0x0000000080000000, 0x0000000100000000)
  region size 1024K, 189 young (193536K), 21 survivors (21504K)
 Metaspace       used 138846K, capacity 142919K, committed 143056K, reserved 1173504K
  class space    used 17243K, capacity 18848K, committed 18944K, reserved 1048576K
}
Event: 107.873 GC heap after
{Heap after GC invocations=100 (full 0):
 garbage-first heap   total 443392K, used 196496K [0x0000000080000000, 0x0000000100000000)
  region size 1024K, 8 young (8192K), 8 survivors (8192K)
 Metaspace       used 138846K, capacity 142919K, committed 143056K, reserved 1173504K
  class space    used 17243K, capacity 18848K, committed 18944K, reserved 1048576K
}

