# JRE version: OpenJDK Runtime Environment (11.0.13) (build 11.0.13+0-b1751.21-8125866)
# Java VM: OpenJDK 64-Bit Server VM (11.0.13+0-b1751.21-8125866, mixed mode, tiered, compressed oops, g1 gc, windows-amd64)
Heap:
 garbage-first heap   total 711680K, used 125119K [0x0000000080000000, 0x0000000100000000)
  region size 1024K, 16 young (16384K), 16 survivors (16384K)
 Metaspace       used 102182K, capacity 104816K, committed 105552K, reserved 1140736K
  class space    used 13265K, capacity 14315K, committed 14720K, reserved 1048576K
GC Heap History (20 events):
Event: 36.927 GC heap after
{Heap after GC invocations=47 (full 0):
 garbage-first heap   total 138240K, used 95919K [0x0000000080000000, 0x0000000100000000)
  region size 1024K, 3 young (3072K), 3 survivors (3072K)
 Metaspace       used 96059K, capacity 98720K, committed 99024K, reserved 1134592K
  class space    used 12597K, capacity 13740K, committed 13824K, reserved 1048576K
}
Event: 37.001 GC heap before
{Heap before GC invocations=47 (full 0):
 garbage-first heap   total 138240K, used 111279K [0x0000000080000000, 0x0000000100000000)
  region size 1024K, 18 young (18432K), 3 survivors (3072K)
 Metaspace       used 96269K, capacity 98989K, committed 99280K, reserved 1134592K
  class space    used 12638K, capacity 13786K, committed 13824K, reserved 1048576K
}
Event: 37.009 GC heap after
{Heap after GC invocations=48 (full 0):
 garbage-first heap   total 138240K, used 98989K [0x0000000080000000, 0x0000000100000000)
  region size 1024K, 3 young (3072K), 3 survivors (3072K)
 Metaspace       used 96269K, capacity 98989K, committed 99280K, reserved 1134592K
  class space    used 12638K, capacity 13786K, committed 13824K, reserved 1048576K
}
Event: 37.069 GC heap before
{Heap before GC invocations=48 (full 0):
 garbage-first heap   total 138240K, used 112301K [0x0000000080000000, 0x0000000100000000)
  region size 1024K, 17 young (17408K), 3 survivors (3072K)
 Metaspace       used 96514K, capacity 99216K, committed 99408K, reserved 1134592K
  class space    used 12684K, capacity 13847K, committed 13952K, reserved 1048576K
}
Event: 37.078 GC heap after
{Heap after GC invocations=49 (full 0):
 garbage-first heap   total 182272K, used 101731K [0x0000000080000000, 0x0000000100000000)
  region size 1024K, 3 young (3072K), 3 survivors (3072K)
 Metaspace       used 96514K, capacity 99216K, committed 99408K, reserved 1134592K
  class space    used 12684K, capacity 13847K, committed 13952K, reserved 1048576K
}
Event: 37.479 GC heap before
{Heap before GC invocations=50 (full 0):
 garbage-first heap   total 182272K, used 130403K [0x0000000080000000, 0x0000000100000000)
  region size 1024K, 31 young (31744K), 3 survivors (3072K)
 Metaspace       used 99448K, capacity 102273K, committed 102480K, reserved 1136640K
  class space    used 13187K, capacity 14401K, committed 14464K, reserved 1048576K
}
Event: 37.492 GC heap after
{Heap after GC invocations=51 (full 0):
 garbage-first heap   total 182272K, used 104705K [0x0000000080000000, 0x0000000100000000)
  region size 1024K, 3 young (3072K), 3 survivors (3072K)
 Metaspace       used 99448K, capacity 102273K, committed 102480K, reserved 1136640K
  class space    used 13187K, capacity 14401K, committed 14464K, reserved 1048576K
}
Event: 37.779 GC heap before
{Heap before GC invocations=51 (full 0):
 garbage-first heap   total 182272K, used 134401K [0x0000000080000000, 0x0000000100000000)
  region size 1024K, 32 young (32768K), 3 survivors (3072K)
 Metaspace       used 100368K, capacity 103252K, committed 103376K, reserved 1138688K
  class space    used 13299K, capacity 14530K, committed 14592K, reserved 1048576K
}
Event: 37.795 GC heap after
{Heap after GC invocations=52 (full 0):
 garbage-first heap   total 182272K, used 105100K [0x0000000080000000, 0x0000000100000000)
  region size 1024K, 1 young (1024K), 1 survivors (1024K)
 Metaspace       used 100368K, capacity 103252K, committed 103376K, reserved 1138688K
  class space    used 13299K, capacity 14530K, committed 14592K, reserved 1048576K
}
Event: 38.260 GC heap before
{Heap before GC invocations=53 (full 0):
 garbage-first heap   total 182272K, used 136844K [0x0000000080000000, 0x0000000100000000)
  region size 1024K, 32 young (32768K), 1 survivors (1024K)
 Metaspace       used 100496K, capacity 103076K, committed 104272K, reserved 1138688K
  class space    used 13168K, capacity 14200K, committed 14720K, reserved 1048576K
}
Event: 38.264 GC heap after
{Heap after GC invocations=54 (full 0):
 garbage-first heap   total 182272K, used 105460K [0x0000000080000000, 0x0000000100000000)
  region size 1024K, 1 young (1024K), 1 survivors (1024K)
 Metaspace       used 100496K, capacity 103076K, committed 104272K, reserved 1138688K
  class space    used 13168K, capacity 14200K, committed 14720K, reserved 1048576K
}
Event: 38.469 GC heap before
{Heap before GC invocations=54 (full 0):
 garbage-first heap   total 182272K, used 138228K [0x0000000080000000, 0x0000000100000000)
  region size 1024K, 34 young (34816K), 1 survivors (1024K)
 Metaspace       used 101419K, capacity 104127K, committed 104784K, reserved 1138688K
  class space    used 13287K, capacity 14379K, committed 14720K, reserved 1048576K
}
Event: 38.494 GC heap after
{Heap after GC invocations=55 (full 0):
 garbage-first heap   total 364544K, used 106161K [0x0000000080000000, 0x0000000100000000)
  region size 1024K, 2 young (2048K), 2 survivors (2048K)
 Metaspace       used 101419K, capacity 104127K, committed 104784K, reserved 1138688K
  class space    used 13287K, capacity 14379K, committed 14720K, reserved 1048576K
}
Event: 39.665 GC heap before
{Heap before GC invocations=56 (full 0):
 garbage-first heap   total 364544K, used 211633K [0x0000000080000000, 0x0000000100000000)
  region size 1024K, 106 young (108544K), 2 survivors (2048K)
 Metaspace       used 101569K, capacity 104169K, committed 105040K, reserved 1140736K
  class space    used 13248K, capacity 14297K, committed 14720K, reserved 1048576K
}
Event: 39.733 GC heap after
{Heap after GC invocations=57 (full 0):
 garbage-first heap   total 364544K, used 111601K [0x0000000080000000, 0x0000000100000000)
  region size 1024K, 7 young (7168K), 7 survivors (7168K)
 Metaspace       used 101569K, capacity 104169K, committed 105040K, reserved 1140736K
  class space    used 13248K, capacity 14297K, committed 14720K, reserved 1048576K
}
Event: 40.935 GC heap before
{Heap before GC invocations=57 (full 0):
 garbage-first heap   total 364544K, used 258033K [0x0000000080000000, 0x0000000100000000)
  region size 1024K, 151 young (154624K), 7 survivors (7168K)
 Metaspace       used 101989K, capacity 104595K, committed 105552K, reserved 1140736K
  class space    used 13260K, capacity 14308K, committed 14720K, reserved 1048576K
}
Event: 40.950 GC heap after
{Heap after GC invocations=58 (full 0):
 garbage-first heap   total 364544K, used 114164K [0x0000000080000000, 0x0000000100000000)
  region size 1024K, 10 young (10240K), 10 survivors (10240K)
 Metaspace       used 101989K, capacity 104595K, committed 105552K, reserved 1140736K
  class space    used 13260K, capacity 14308K, committed 14720K, reserved 1048576K
}
Event: 41.483 GC heap before
{Heap before GC invocations=58 (full 0):
 garbage-first heap   total 364544K, used 265716K [0x0000000080000000, 0x0000000100000000)
  region size 1024K, 159 young (162816K), 10 survivors (10240K)
 Metaspace       used 102051K, capacity 104670K, committed 105552K, reserved 1140736K
  class space    used 13262K, capacity 14311K, committed 14720K, reserved 1048576K
}
Event: 41.503 GC heap after
{Heap after GC invocations=59 (full 0):
 garbage-first heap   total 364544K, used 120610K [0x0000000080000000, 0x0000000100000000)
  region size 1024K, 16 young (16384K), 16 survivors (16384K)
 Metaspace       used 102051K, capacity 104670K, committed 105552K, reserved 1140736K
  class space    used 13262K, capacity 14311K, committed 14720K, reserved 1048576K
}
Event: 42.268 GC heap before
{Heap before GC invocations=59 (full 0):
 garbage-first heap   total 364544K, used 281378K [0x0000000080000000, 0x0000000100000000)
  region size 1024K, 173 young (177152K), 16 survivors (16384K)
 Metaspace       used 102182K, capacity 104816K, committed 105552K, reserved 1140736K
  class space    used 13265K, capacity 14315K, committed 14720K, reserved 1048576K
}

